c:\users\wsxqs\documents\cocos\cocosprojects\tankwar\proj.win32\debug.win32\enemycontroller.obj
c:\users\wsxqs\documents\cocos\cocosprojects\tankwar\proj.win32\debug.win32\entity.obj
c:\users\wsxqs\documents\cocos\cocosprojects\tankwar\proj.win32\debug.win32\joystick.obj
c:\users\wsxqs\documents\cocos\cocosprojects\tankwar\proj.win32\debug.win32\tankcontroller.obj
c:\users\wsxqs\documents\cocos\cocosprojects\tankwar\proj.win32\debug.win32\csvutil.obj
c:\users\wsxqs\documents\cocos\cocosprojects\tankwar\proj.win32\debug.win32\herotank.obj
c:\users\wsxqs\documents\cocos\cocosprojects\tankwar\proj.win32\debug.win32\tankcanon.obj
c:\users\wsxqs\documents\cocos\cocosprojects\tankwar\proj.win32\debug.win32\appdelegate.obj
c:\users\wsxqs\documents\cocos\cocosprojects\tankwar\proj.win32\debug.win32\enemytank.obj
c:\users\wsxqs\documents\cocos\cocosprojects\tankwar\proj.win32\debug.win32\helloworldscene.obj
c:\users\wsxqs\documents\cocos\cocosprojects\tankwar\proj.win32\debug.win32\stringutil.obj
c:\users\wsxqs\documents\cocos\cocosprojects\tankwar\proj.win32\debug.win32\main.obj
c:\users\wsxqs\documents\cocos\cocosprojects\tankwar\proj.win32\debug.win32\csvdata.obj
c:\users\wsxqs\documents\cocos\cocosprojects\tankwar\proj.win32\debug.win32\gamescene.obj
c:\users\wsxqs\documents\cocos\cocosprojects\tankwar\proj.win32\debug.win32\movecontroller.obj
c:\users\wsxqs\documents\cocos\cocosprojects\tankwar\proj.win32\debug.win32\vc140.pdb
c:\users\wsxqs\documents\cocos\cocosprojects\tankwar\proj.win32\debug.win32\vc140.idb
c:\users\wsxqs\documents\cocos\cocosprojects\tankwar\proj.win32\debug.win32\tankwar.ilk
c:\users\wsxqs\documents\cocos\cocosprojects\tankwar\proj.win32\debug.win32\tankwar.exe
c:\users\wsxqs\documents\cocos\cocosprojects\tankwar\proj.win32\debug.win32\tankwar.pdb
c:\users\wsxqs\documents\cocos\cocosprojects\tankwar\proj.win32\debug.win32\game.res
c:\users\wsxqs\documents\cocos\cocosprojects\tankwar\proj.win32\debug.win32\tankwar.lib
c:\users\wsxqs\documents\cocos\cocosprojects\tankwar\proj.win32\debug.win32\tankwar.exp
c:\users\wsxqs\documents\cocos\cocosprojects\tankwar\proj.win32\tankwar.cab
c:\users\wsxqs\documents\cocos\cocosprojects\tankwar\proj.win32\debug.win32\tankwar.tlog\cl.command.1.tlog
c:\users\wsxqs\documents\cocos\cocosprojects\tankwar\proj.win32\debug.win32\tankwar.tlog\cl.read.1.tlog
c:\users\wsxqs\documents\cocos\cocosprojects\tankwar\proj.win32\debug.win32\tankwar.tlog\cl.write.1.tlog
c:\users\wsxqs\documents\cocos\cocosprojects\tankwar\proj.win32\debug.win32\tankwar.tlog\link.command.1.tlog
c:\users\wsxqs\documents\cocos\cocosprojects\tankwar\proj.win32\debug.win32\tankwar.tlog\link.read.1.tlog
c:\users\wsxqs\documents\cocos\cocosprojects\tankwar\proj.win32\debug.win32\tankwar.tlog\link.write.1.tlog
c:\users\wsxqs\documents\cocos\cocosprojects\tankwar\proj.win32\debug.win32\tankwar.tlog\rc.command.1.tlog
c:\users\wsxqs\documents\cocos\cocosprojects\tankwar\proj.win32\debug.win32\tankwar.tlog\rc.read.1.tlog
c:\users\wsxqs\documents\cocos\cocosprojects\tankwar\proj.win32\debug.win32\tankwar.tlog\rc.write.1.tlog
c:\users\wsxqs\documents\cocos\cocosprojects\tankwar\proj.win32\debug.win32\tankwar.tlog\tankwar.write.1u.tlog
